Configuring blaze-html-0.8.0.0...
Building blaze-html-0.8.0.0...
Preprocessing library blaze-html-0.8.0.0...
[ 1 of 21] Compiling Text.Blaze.XHtml5.Attributes ( src/Text/Blaze/XHtml5/Attributes.hs, dist/dist-sandbox-38dfe3f3/build/Text/Blaze/XHtml5/Attributes.o )
[ 2 of 21] Compiling Text.Blaze.XHtml1.Transitional.Attributes ( src/Text/Blaze/XHtml1/Transitional/Attributes.hs, dist/dist-sandbox-38dfe3f3/build/Text/Blaze/XHtml1/Transitional/Attributes.o )
[ 3 of 21] Compiling Text.Blaze.XHtml1.Strict.Attributes ( src/Text/Blaze/XHtml1/Strict/Attributes.hs, dist/dist-sandbox-38dfe3f3/build/Text/Blaze/XHtml1/Strict/Attributes.o )
[ 4 of 21] Compiling Text.Blaze.XHtml1.FrameSet.Attributes ( src/Text/Blaze/XHtml1/FrameSet/Attributes.hs, dist/dist-sandbox-38dfe3f3/build/Text/Blaze/XHtml1/FrameSet/Attributes.o )
[ 5 of 21] Compiling Text.Blaze.Html5.Attributes ( src/Text/Blaze/Html5/Attributes.hs, dist/dist-sandbox-38dfe3f3/build/Text/Blaze/Html5/Attributes.o )
[ 6 of 21] Compiling Text.Blaze.Html4.Transitional.Attributes ( src/Text/Blaze/Html4/Transitional/Attributes.hs, dist/dist-sandbox-38dfe3f3/build/Text/Blaze/Html4/Transitional/Attributes.o )
[ 7 of 21] Compiling Text.Blaze.Html4.Strict.Attributes ( src/Text/Blaze/Html4/Strict/Attributes.hs, dist/dist-sandbox-38dfe3f3/build/Text/Blaze/Html4/Strict/Attributes.o )
[ 8 of 21] Compiling Text.Blaze.Html4.FrameSet.Attributes ( src/Text/Blaze/Html4/FrameSet/Attributes.hs, dist/dist-sandbox-38dfe3f3/build/Text/Blaze/Html4/FrameSet/Attributes.o )
[ 9 of 21] Compiling Text.Blaze.Html  ( src/Text/Blaze/Html.hs, dist/dist-sandbox-38dfe3f3/build/Text/Blaze/Html.o )
[10 of 21] Compiling Text.Blaze.Html.Renderer.Pretty ( src/Text/Blaze/Html/Renderer/Pretty.hs, dist/dist-sandbox-38dfe3f3/build/Text/Blaze/Html/Renderer/Pretty.o )
[11 of 21] Compiling Text.Blaze.Html.Renderer.String ( src/Text/Blaze/Html/Renderer/String.hs, dist/dist-sandbox-38dfe3f3/build/Text/Blaze/Html/Renderer/String.o )
[12 of 21] Compiling Text.Blaze.Html.Renderer.Text ( src/Text/Blaze/Html/Renderer/Text.hs, dist/dist-sandbox-38dfe3f3/build/Text/Blaze/Html/Renderer/Text.o )
[13 of 21] Compiling Text.Blaze.Html.Renderer.Utf8 ( src/Text/Blaze/Html/Renderer/Utf8.hs, dist/dist-sandbox-38dfe3f3/build/Text/Blaze/Html/Renderer/Utf8.o )
[14 of 21] Compiling Text.Blaze.Html4.FrameSet ( src/Text/Blaze/Html4/FrameSet.hs, dist/dist-sandbox-38dfe3f3/build/Text/Blaze/Html4/FrameSet.o )
[15 of 21] Compiling Text.Blaze.Html4.Strict ( src/Text/Blaze/Html4/Strict.hs, dist/dist-sandbox-38dfe3f3/build/Text/Blaze/Html4/Strict.o )
[16 of 21] Compiling Text.Blaze.Html4.Transitional ( src/Text/Blaze/Html4/Transitional.hs, dist/dist-sandbox-38dfe3f3/build/Text/Blaze/Html4/Transitional.o )
[17 of 21] Compiling Text.Blaze.Html5 ( src/Text/Blaze/Html5.hs, dist/dist-sandbox-38dfe3f3/build/Text/Blaze/Html5.o )
[18 of 21] Compiling Text.Blaze.XHtml1.FrameSet ( src/Text/Blaze/XHtml1/FrameSet.hs, dist/dist-sandbox-38dfe3f3/build/Text/Blaze/XHtml1/FrameSet.o )
[19 of 21] Compiling Text.Blaze.XHtml1.Strict ( src/Text/Blaze/XHtml1/Strict.hs, dist/dist-sandbox-38dfe3f3/build/Text/Blaze/XHtml1/Strict.o )
[20 of 21] Compiling Text.Blaze.XHtml1.Transitional ( src/Text/Blaze/XHtml1/Transitional.hs, dist/dist-sandbox-38dfe3f3/build/Text/Blaze/XHtml1/Transitional.o )
[21 of 21] Compiling Text.Blaze.XHtml5 ( src/Text/Blaze/XHtml5.hs, dist/dist-sandbox-38dfe3f3/build/Text/Blaze/XHtml5.o )
In-place registering blaze-html-0.8.0.0...
Creating package registration file:
/var/folders/8c/m6c659k54_b7whc95qh3mn_m0000gp/T/pkgConf-blaze-html-0.8.054496.0
Installing library in
/Users/kjameslubin/hasketh/ethereum-data-sql/.cabal-sandbox/lib/x86_64-osx-ghc-7.8.4/blaze-html-0.8.0.0
Registering blaze-html-0.8.0.0...
