[1 of 1] Compiling Main             ( /var/folders/8c/m6c659k54_b7whc95qh3mn_m0000gp/T/comonad-4.2.4-54496/comonad-4.2.4/dist/dist-sandbox-38dfe3f3/setup/setup.hs, /var/folders/8c/m6c659k54_b7whc95qh3mn_m0000gp/T/comonad-4.2.4-54496/comonad-4.2.4/dist/dist-sandbox-38dfe3f3/setup/Main.o )
Linking /var/folders/8c/m6c659k54_b7whc95qh3mn_m0000gp/T/comonad-4.2.4-54496/comonad-4.2.4/dist/dist-sandbox-38dfe3f3/setup/setup ...
Configuring comonad-4.2.4...
Building comonad-4.2.4...
Preprocessing library comonad-4.2.4...
[ 1 of 16] Compiling Data.Functor.Composition ( src/Data/Functor/Composition.hs, dist/dist-sandbox-38dfe3f3/build/Data/Functor/Composition.o )
[ 2 of 16] Compiling Control.Comonad.Trans.Identity ( src/Control/Comonad/Trans/Identity.hs, dist/dist-sandbox-38dfe3f3/build/Control/Comonad/Trans/Identity.o )
[ 3 of 16] Compiling Control.Comonad  ( src/Control/Comonad.hs, dist/dist-sandbox-38dfe3f3/build/Control/Comonad.o )
[ 4 of 16] Compiling Control.Comonad.Trans.Class ( src/Control/Comonad/Trans/Class.hs, dist/dist-sandbox-38dfe3f3/build/Control/Comonad/Trans/Class.o )
[ 5 of 16] Compiling Control.Comonad.Hoist.Class ( src/Control/Comonad/Hoist/Class.hs, dist/dist-sandbox-38dfe3f3/build/Control/Comonad/Hoist/Class.o )
[ 6 of 16] Compiling Control.Comonad.Trans.Env ( src/Control/Comonad/Trans/Env.hs, dist/dist-sandbox-38dfe3f3/build/Control/Comonad/Trans/Env.o )
[ 7 of 16] Compiling Control.Comonad.Trans.Store ( src/Control/Comonad/Trans/Store.hs, dist/dist-sandbox-38dfe3f3/build/Control/Comonad/Trans/Store.o )
[ 8 of 16] Compiling Control.Comonad.Trans.Traced ( src/Control/Comonad/Trans/Traced.hs, dist/dist-sandbox-38dfe3f3/build/Control/Comonad/Trans/Traced.o )
[ 9 of 16] Compiling Control.Comonad.Env.Class ( src/Control/Comonad/Env/Class.hs, dist/dist-sandbox-38dfe3f3/build/Control/Comonad/Env/Class.o )
[10 of 16] Compiling Control.Comonad.Env ( src/Control/Comonad/Env.hs, dist/dist-sandbox-38dfe3f3/build/Control/Comonad/Env.o )
[11 of 16] Compiling Control.Comonad.Identity ( src/Control/Comonad/Identity.hs, dist/dist-sandbox-38dfe3f3/build/Control/Comonad/Identity.o )
[12 of 16] Compiling Control.Comonad.Store.Class ( src/Control/Comonad/Store/Class.hs, dist/dist-sandbox-38dfe3f3/build/Control/Comonad/Store/Class.o )
[13 of 16] Compiling Control.Comonad.Store ( src/Control/Comonad/Store.hs, dist/dist-sandbox-38dfe3f3/build/Control/Comonad/Store.o )
[14 of 16] Compiling Control.Comonad.Traced.Class ( src/Control/Comonad/Traced/Class.hs, dist/dist-sandbox-38dfe3f3/build/Control/Comonad/Traced/Class.o )
[15 of 16] Compiling Control.Comonad.Traced ( src/Control/Comonad/Traced.hs, dist/dist-sandbox-38dfe3f3/build/Control/Comonad/Traced.o )
[16 of 16] Compiling Data.Functor.Coproduct ( src/Data/Functor/Coproduct.hs, dist/dist-sandbox-38dfe3f3/build/Data/Functor/Coproduct.o )
In-place registering comonad-4.2.4...
Creating package registration file:
/var/folders/8c/m6c659k54_b7whc95qh3mn_m0000gp/T/pkgConf-comonad-4.254496.4
Installing library in
/Users/kjameslubin/hasketh/ethereum-data-sql/.cabal-sandbox/lib/x86_64-osx-ghc-7.8.4/comonad-4.2.4
Registering comonad-4.2.4...
