Configuring free-4.11...
Building free-4.11...
Preprocessing library free-4.11...
[ 1 of 14] Compiling Control.Monad.Free.TH ( src/Control/Monad/Free/TH.hs, dist/dist-sandbox-38dfe3f3/build/Control/Monad/Free/TH.o )
[ 2 of 14] Compiling Control.Monad.Free.Class ( src/Control/Monad/Free/Class.hs, dist/dist-sandbox-38dfe3f3/build/Control/Monad/Free/Class.o )
[ 3 of 14] Compiling Control.Monad.Trans.Iter ( src/Control/Monad/Trans/Iter.hs, dist/dist-sandbox-38dfe3f3/build/Control/Monad/Trans/Iter.o )
[ 4 of 14] Compiling Control.Monad.Trans.Free ( src/Control/Monad/Trans/Free.hs, dist/dist-sandbox-38dfe3f3/build/Control/Monad/Trans/Free.o )
[ 5 of 14] Compiling Control.Monad.Trans.Free.Church ( src/Control/Monad/Trans/Free/Church.hs, dist/dist-sandbox-38dfe3f3/build/Control/Monad/Trans/Free/Church.o )
[ 6 of 14] Compiling Control.Monad.Free ( src/Control/Monad/Free.hs, dist/dist-sandbox-38dfe3f3/build/Control/Monad/Free.o )
[ 7 of 14] Compiling Control.Monad.Free.Church ( src/Control/Monad/Free/Church.hs, dist/dist-sandbox-38dfe3f3/build/Control/Monad/Free/Church.o )
[ 8 of 14] Compiling Control.Comonad.Cofree.Class ( src/Control/Comonad/Cofree/Class.hs, dist/dist-sandbox-38dfe3f3/build/Control/Comonad/Cofree/Class.o )
[ 9 of 14] Compiling Control.Comonad.Trans.Cofree ( src/Control/Comonad/Trans/Cofree.hs, dist/dist-sandbox-38dfe3f3/build/Control/Comonad/Trans/Cofree.o )
[10 of 14] Compiling Control.Comonad.Trans.Coiter ( src/Control/Comonad/Trans/Coiter.hs, dist/dist-sandbox-38dfe3f3/build/Control/Comonad/Trans/Coiter.o )
[11 of 14] Compiling Control.Comonad.Cofree ( src/Control/Comonad/Cofree.hs, dist/dist-sandbox-38dfe3f3/build/Control/Comonad/Cofree.o )
[12 of 14] Compiling Control.Alternative.Free ( src/Control/Alternative/Free.hs, dist/dist-sandbox-38dfe3f3/build/Control/Alternative/Free.o )
[13 of 14] Compiling Control.Applicative.Trans.Free ( src/Control/Applicative/Trans/Free.hs, dist/dist-sandbox-38dfe3f3/build/Control/Applicative/Trans/Free.o )
[14 of 14] Compiling Control.Applicative.Free ( src/Control/Applicative/Free.hs, dist/dist-sandbox-38dfe3f3/build/Control/Applicative/Free.o )
In-place registering free-4.11...
Creating package registration file:
/var/folders/8c/m6c659k54_b7whc95qh3mn_m0000gp/T/pkgConf-free-454496.11
Installing library in
/Users/kjameslubin/hasketh/ethereum-data-sql/.cabal-sandbox/lib/x86_64-osx-ghc-7.8.4/free-4.11
Registering free-4.11...
