Configuring monad-logger-0.3.13.1...
Building monad-logger-0.3.13.1...
Preprocessing library monad-logger-0.3.13.1...
[1 of 1] Compiling Control.Monad.Logger ( Control/Monad/Logger.hs, dist/dist-sandbox-38dfe3f3/build/Control/Monad/Logger.o )

Control/Monad/Logger.hs:105:1: Warning:
    Module ‘Control.Monad.Trans.Error’ is deprecated:
      Use Control.Monad.Trans.Except instead

Control/Monad/Logger.hs:205:26: Warning:
    In the use of type constructor or class ‘Error’
    (imported from Control.Monad.Trans.Error):
    Deprecated: "Use Control.Monad.Trans.Except instead"

Control/Monad/Logger.hs:205:51: Warning:
    In the use of type constructor or class ‘ErrorT’
    (imported from Control.Monad.Trans.Error):
    Deprecated: "Use Control.Monad.Trans.Except instead"

Control/Monad/Logger.hs:223:28: Warning:
    In the use of type constructor or class ‘Error’
    (imported from Control.Monad.Trans.Error):
    Deprecated: "Use Control.Monad.Trans.Except instead"

Control/Monad/Logger.hs:223:55: Warning:
    In the use of type constructor or class ‘ErrorT’
    (imported from Control.Monad.Trans.Error):
    Deprecated: "Use Control.Monad.Trans.Except instead"
In-place registering monad-logger-0.3.13.1...
Creating package registration file:
/var/folders/8c/m6c659k54_b7whc95qh3mn_m0000gp/T/pkgConf-monad-logger-0.3.1354496.1
Installing library in
/Users/kjameslubin/hasketh/ethereum-data-sql/.cabal-sandbox/lib/x86_64-osx-ghc-7.8.4/monad-logger-0.3.13.1
Registering monad-logger-0.3.13.1...
