Configuring network-2.6.0.2...
configure: WARNING: unrecognized options: --with-compiler, --with-gcc
checking build system type... x86_64-apple-darwin13.4.0
checking host system type... x86_64-apple-darwin13.4.0
checking for gcc... gcc
checking whether the C compiler works... yes
checking for C compiler default output file name... a.out
checking for suffix of executables... 
checking whether we are cross compiling... no
checking for suffix of object files... o
checking whether we are using the GNU C compiler... yes
checking whether gcc accepts -g... yes
checking for gcc option to accept ISO C89... none needed
checking for an ANSI C-conforming const... yes
checking how to run the C preprocessor... gcc -E
checking for grep that handles long lines and -e... /usr/bin/grep
checking for egrep... /usr/bin/grep -E
checking for ANSI C header files... yes
checking for sys/types.h... yes
checking for sys/stat.h... yes
checking for stdlib.h... yes
checking for string.h... yes
checking for memory.h... yes
checking for strings.h... yes
checking for inttypes.h... yes
checking for stdint.h... yes
checking for unistd.h... yes
checking fcntl.h usability... yes
checking fcntl.h presence... yes
checking for fcntl.h... yes
checking limits.h usability... yes
checking limits.h presence... yes
checking for limits.h... yes
checking for stdlib.h... (cached) yes
checking for sys/types.h... (cached) yes
checking for unistd.h... (cached) yes
checking winsock2.h usability... no
checking winsock2.h presence... no
checking for winsock2.h... no
checking ws2tcpip.h usability... no
checking ws2tcpip.h presence... no
checking for ws2tcpip.h... no
checking arpa/inet.h usability... yes
checking arpa/inet.h presence... yes
checking for arpa/inet.h... yes
checking netdb.h usability... yes
checking netdb.h presence... yes
checking for netdb.h... yes
checking netinet/in.h usability... yes
checking netinet/in.h presence... yes
checking for netinet/in.h... yes
checking netinet/tcp.h usability... yes
checking netinet/tcp.h presence... yes
checking for netinet/tcp.h... yes
checking sys/socket.h usability... yes
checking sys/socket.h presence... yes
checking for sys/socket.h... yes
checking sys/uio.h usability... yes
checking sys/uio.h presence... yes
checking for sys/uio.h... yes
checking sys/un.h usability... yes
checking sys/un.h presence... yes
checking for sys/un.h... yes
checking for readlink... yes
checking for symlink... yes
checking for struct msghdr.msg_control... yes
checking for struct msghdr.msg_accrights... no
checking for struct sockaddr.sa_len... yes
checking for in_addr_t in netinet/in.h... yes
checking for SO_PEERCRED and struct ucred in sys/socket.h... no
checking for getpeereid in unistd.h... checking for getpeereid... yes
checking for _head_libws2_32_a in -lws2_32... no
checking for getaddrinfo... yes
checking for gai_strerror... yes
checking whether AI_ADDRCONFIG is declared... yes
checking whether AI_ALL is declared... yes
checking whether AI_NUMERICSERV is declared... yes
checking whether AI_V4MAPPED is declared... yes
checking whether IPV6_V6ONLY is declared... yes
checking whether IPPROTO_IP is declared... yes
checking whether IPPROTO_TCP is declared... yes
checking whether IPPROTO_IPV6 is declared... yes
checking for sendfile in sys/sendfile.h... no
checking for sendfile in sys/socket.h... yes
checking for gethostent... yes
checking for accept4... no
configure: creating ./config.status
config.status: creating network.buildinfo
config.status: creating include/HsNetworkConfig.h
config.status: include/HsNetworkConfig.h is unchanged
configure: WARNING: unrecognized options: --with-compiler, --with-gcc
Building network-2.6.0.2...
Preprocessing library network-2.6.0.2...
[ 1 of 11] Compiling Network.Socket.ByteString.IOVec ( dist/dist-sandbox-38dfe3f3/build/Network/Socket/ByteString/IOVec.hs, dist/dist-sandbox-38dfe3f3/build/Network/Socket/ByteString/IOVec.o )
[ 2 of 11] Compiling Network.Socket.Types ( dist/dist-sandbox-38dfe3f3/build/Network/Socket/Types.hs, dist/dist-sandbox-38dfe3f3/build/Network/Socket/Types.o )

Network/Socket/Types.hsc:824:1: Warning:
    Pattern match(es) are non-exhaustive
    In an equation for ‘sizeOfSockAddrByFamily’:
        Patterns not matched:
            AF_UNSPEC
            AF_IMPLINK
            AF_PUP
            AF_CHAOS
            ...

Network/Socket/Types.hsc:896:3: Warning:
    Pattern match(es) are non-exhaustive
    In a case alternative:
        Patterns not matched: #x with #x `notElem` [1#, 2#, 30#]

Network/Socket/Types.hsc:952:10: Warning:
    Orphan instance: instance Storable HostAddress6
[ 3 of 11] Compiling Network.Socket.Internal ( dist/dist-sandbox-38dfe3f3/build/Network/Socket/Internal.hs, dist/dist-sandbox-38dfe3f3/build/Network/Socket/Internal.o )

Network/Socket/Internal.hsc:75:1: Warning:
    The import of ‘Foreign.C.String’ is redundant
      except perhaps to import instances from ‘Foreign.C.String’
    To import instances alone, use: import Foreign.C.String()

Network/Socket/Internal.hsc:77:1: Warning:
    The import of ‘Foreign.Ptr’ is redundant
      except perhaps to import instances from ‘Foreign.Ptr’
    To import instances alone, use: import Foreign.Ptr()
[ 4 of 11] Compiling Network.Socket   ( dist/dist-sandbox-38dfe3f3/build/Network/Socket.hs, dist/dist-sandbox-38dfe3f3/build/Network/Socket.o )

Network/Socket.hsc:192:1: Warning:
    The qualified import of ‘Control.Exception’ is redundant
      except perhaps to import instances from ‘Control.Exception’
    To import instances alone, use: import Control.Exception()

Network/Socket.hsc:197:1: Warning:
    The import of ‘threadWaitRead’ from module ‘GHC.Conc’ is redundant

Network/Socket.hsc:211:1: Warning:
    The import of ‘GHC.IO.FD’ is redundant
      except perhaps to import instances from ‘GHC.IO.FD’
    To import instances alone, use: import GHC.IO.FD()

Network/Socket.hsc:989:3: Warning:
    A do-notation statement discarded a result of type ‘CInt’
    Suppress this warning by saying
      ‘_ <- ($)
              throwSocketErrorWaitWrite sock "sendFd"
              c_sendFd (fdSocket sock) outfd’
    or by using the flag -fno-warn-unused-do-bind
[ 5 of 11] Compiling Network.Socket.ByteString.MsgHdr ( dist/dist-sandbox-38dfe3f3/build/Network/Socket/ByteString/MsgHdr.hs, dist/dist-sandbox-38dfe3f3/build/Network/Socket/ByteString/MsgHdr.o )
[ 6 of 11] Compiling Network.Socket.ByteString.Internal ( Network/Socket/ByteString/Internal.hs, dist/dist-sandbox-38dfe3f3/build/Network/Socket/ByteString/Internal.o )
[ 7 of 11] Compiling Network.Socket.ByteString ( dist/dist-sandbox-38dfe3f3/build/Network/Socket/ByteString.hs, dist/dist-sandbox-38dfe3f3/build/Network/Socket/ByteString.o )

Network/Socket/ByteString.hsc:54:1: Warning:
    The import of ‘SockAddr, Socket’
    from module ‘Network.Socket’ is redundant
[ 8 of 11] Compiling Network.Socket.ByteString.Lazy ( Network/Socket/ByteString/Lazy.hs, dist/dist-sandbox-38dfe3f3/build/Network/Socket/ByteString/Lazy.o )

Network/Socket/ByteString/Lazy.hs:60:1: Warning:
    The import of ‘GHC.Conc’ is redundant
      except perhaps to import instances from ‘GHC.Conc’
    To import instances alone, use: import GHC.Conc()
[ 9 of 11] Compiling Network.Socket.ByteString.Lazy.Posix ( Network/Socket/ByteString/Lazy/Posix.hs, dist/dist-sandbox-38dfe3f3/build/Network/Socket/ByteString/Lazy/Posix.o )
[10 of 11] Compiling Network.BSD      ( dist/dist-sandbox-38dfe3f3/build/Network/BSD.hs, dist/dist-sandbox-38dfe3f3/build/Network/BSD.o )
[11 of 11] Compiling Network          ( Network.hs, dist/dist-sandbox-38dfe3f3/build/Network.o )
In-place registering network-2.6.0.2...
Creating package registration file:
/var/folders/8c/m6c659k54_b7whc95qh3mn_m0000gp/T/pkgConf-network-2.6.054496.2
Installing library in
/Users/kjameslubin/hasketh/ethereum-data-sql/.cabal-sandbox/lib/x86_64-osx-ghc-7.8.4/network-2.6.0.2
Registering network-2.6.0.2...
