Configuring persistent-2.1.1.7...
Building persistent-2.1.1.7...
Preprocessing library persistent-2.1.1.7...
[ 1 of 23] Compiling Database.Persist.Class.PersistConfig ( Database/Persist/Class/PersistConfig.hs, dist/dist-sandbox-38dfe3f3/build/Database/Persist/Class/PersistConfig.o )
[ 2 of 23] Compiling Database.Persist.Types.Base ( Database/Persist/Types/Base.hs, dist/dist-sandbox-38dfe3f3/build/Database/Persist/Types/Base.o )

Database/Persist/Types/Base.hs:12:1: Warning:
    Module ‘Control.Monad.Trans.Error’ is deprecated:
      Use Control.Monad.Trans.Except instead

Database/Persist/Types/Base.hs:235:10: Warning:
    In the use of type constructor or class ‘Error’
    (imported from Control.Monad.Trans.Error):
    Deprecated: "Use Control.Monad.Trans.Except instead"

Database/Persist/Types/Base.hs:235:10: Warning:
    In the use of type constructor or class ‘Error’
    (imported from Control.Monad.Trans.Error):
    Deprecated: "Use Control.Monad.Trans.Except instead"
[ 3 of 23] Compiling Database.Persist.Class.PersistField ( Database/Persist/Class/PersistField.hs, dist/dist-sandbox-38dfe3f3/build/Database/Persist/Class/PersistField.o )

Database/Persist/Class/PersistField.hs:234:26: Warning:
    This binding for ‘x’ shadows the existing binding
      bound at Database/Persist/Class/PersistField.hs:228:22
[ 4 of 23] Compiling Database.Persist.Class.PersistEntity ( Database/Persist/Class/PersistEntity.hs, dist/dist-sandbox-38dfe3f3/build/Database/Persist/Class/PersistEntity.o )
[ 5 of 23] Compiling Database.Persist.Types ( Database/Persist/Types.hs, dist/dist-sandbox-38dfe3f3/build/Database/Persist/Types.o )
[ 6 of 23] Compiling Database.Persist.Quasi ( Database/Persist/Quasi.hs, dist/dist-sandbox-38dfe3f3/build/Database/Persist/Quasi.o )
[ 7 of 23] Compiling Database.Persist.Class.PersistStore ( Database/Persist/Class/PersistStore.hs, dist/dist-sandbox-38dfe3f3/build/Database/Persist/Class/PersistStore.o )

Database/Persist/Class/PersistStore.hs:21:1: Warning:
    Module ‘Control.Monad.Trans.Error’ is deprecated:
      Use Control.Monad.Trans.Except instead

Database/Persist/Class/PersistStore.hs:21:1: Warning:
    The import of ‘Control.Monad.Trans.Error’ is redundant
      except perhaps to import instances from ‘Control.Monad.Trans.Error’
    To import instances alone, use: import Control.Monad.Trans.Error()

Database/Persist/Class/PersistStore.hs:25:1: Warning:
    The import of ‘Data.Conduit.Internal’ is redundant
      except perhaps to import instances from ‘Data.Conduit.Internal’
    To import instances alone, use: import Data.Conduit.Internal()
[ 8 of 23] Compiling Database.Persist.Class.PersistQuery ( Database/Persist/Class/PersistQuery.hs, dist/dist-sandbox-38dfe3f3/build/Database/Persist/Class/PersistQuery.o )

Database/Persist/Class/PersistQuery.hs:19:1: Warning:
    The import of ‘Control.Monad.Trans.Class’ is redundant
      except perhaps to import instances from ‘Control.Monad.Trans.Class’
    To import instances alone, use: import Control.Monad.Trans.Class()
[ 9 of 23] Compiling Database.Persist.Class.DeleteCascade ( Database/Persist/Class/DeleteCascade.hs, dist/dist-sandbox-38dfe3f3/build/Database/Persist/Class/DeleteCascade.o )
[10 of 23] Compiling Database.Persist.Class.PersistUnique ( Database/Persist/Class/PersistUnique.hs, dist/dist-sandbox-38dfe3f3/build/Database/Persist/Class/PersistUnique.o )

Database/Persist/Class/PersistUnique.hs:13:1: Warning:
    The qualified import of ‘Prelude’ is redundant
      except perhaps to import instances from ‘Prelude’
    To import instances alone, use: import Prelude()
[11 of 23] Compiling Database.Persist.Class ( Database/Persist/Class.hs, dist/dist-sandbox-38dfe3f3/build/Database/Persist/Class.o )
[12 of 23] Compiling Database.Persist.Sql.Types ( Database/Persist/Sql/Types.hs, dist/dist-sandbox-38dfe3f3/build/Database/Persist/Sql/Types.o )

Database/Persist/Sql/Types.hs:13:1: Warning:
    The import of ‘MonadResource’
    from module ‘Control.Monad.Trans.Resource’ is redundant

Database/Persist/Sql/Types.hs:16:1: Warning:
    The import of ‘Control.Monad.Trans.Control’ is redundant
      except perhaps to import instances from ‘Control.Monad.Trans.Control’
    To import instances alone, use: import Control.Monad.Trans.Control()

Database/Persist/Sql/Types.hs:21:1: Warning:
    The import of ‘Control.Monad’ is redundant
      except perhaps to import instances from ‘Control.Monad’
    To import instances alone, use: import Control.Monad()
[13 of 23] Compiling Database.Persist.Sql.Internal ( Database/Persist/Sql/Internal.hs, dist/dist-sandbox-38dfe3f3/build/Database/Persist/Sql/Internal.o )
[14 of 23] Compiling Database.Persist ( Database/Persist.hs, dist/dist-sandbox-38dfe3f3/build/Database/Persist.o )
[15 of 23] Compiling Database.Persist.Sql.Class ( Database/Persist/Sql/Class.hs, dist/dist-sandbox-38dfe3f3/build/Database/Persist/Sql/Class.o )

Database/Persist/Sql/Class.hs:25:1: Warning:
    The import of ‘Control.Monad.IO.Class’ is redundant
      except perhaps to import instances from ‘Control.Monad.IO.Class’
    To import instances alone, use: import Control.Monad.IO.Class()

Database/Persist/Sql/Class.hs:26:1: Warning:
    The import of ‘Control.Monad.Trans.Class’ is redundant
      except perhaps to import instances from ‘Control.Monad.Trans.Class’
    To import instances alone, use: import Control.Monad.Trans.Class()

Database/Persist/Sql/Class.hs:214:11: Warning:
    In the use of ‘bitSize’ (imported from Data.Bits):
    Deprecated: "Use 'bitSizeMaybe' or 'finiteBitSize' instead"
[16 of 23] Compiling Database.Persist.Sql.Raw ( Database/Persist/Sql/Raw.hs, dist/dist-sandbox-38dfe3f3/build/Database/Persist/Sql/Raw.o )
[17 of 23] Compiling Database.Persist.Sql.Run ( Database/Persist/Sql/Run.hs, dist/dist-sandbox-38dfe3f3/build/Database/Persist/Sql/Run.o )

Database/Persist/Sql/Run.hs:18:1: Warning:
    The import of ‘Control.Monad.Trans.Control’ is redundant
      except perhaps to import instances from ‘Control.Monad.Trans.Control’
    To import instances alone, use: import Control.Monad.Trans.Control()

Database/Persist/Sql/Run.hs:22:1: Warning:
    The import of ‘Control.Exception’ is redundant
      except perhaps to import instances from ‘Control.Exception’
    To import instances alone, use: import Control.Exception()

Database/Persist/Sql/Run.hs:24:1: Warning:
    The import of ‘System.Timeout’ is redundant
      except perhaps to import instances from ‘System.Timeout’
    To import instances alone, use: import System.Timeout()
[18 of 23] Compiling Database.Persist.Sql.Migration ( Database/Persist/Sql/Migration.hs, dist/dist-sandbox-38dfe3f3/build/Database/Persist/Sql/Migration.o )
[19 of 23] Compiling Database.Persist.Sql.Orphan.PersistStore ( Database/Persist/Sql/Orphan/PersistStore.hs, dist/dist-sandbox-38dfe3f3/build/Database/Persist/Sql/Orphan/PersistStore.o )
[20 of 23] Compiling Database.Persist.Sql.Orphan.PersistUnique ( Database/Persist/Sql/Orphan/PersistUnique.hs, dist/dist-sandbox-38dfe3f3/build/Database/Persist/Sql/Orphan/PersistUnique.o )
[21 of 23] Compiling Database.Persist.Sql.Util ( Database/Persist/Sql/Util.hs, dist/dist-sandbox-38dfe3f3/build/Database/Persist/Sql/Util.o )

Database/Persist/Sql/Util.hs:13:1: Warning:
    The import of ‘PersistException, PersistMarshalError’
    from module ‘Database.Persist’ is redundant

Database/Persist/Sql/Util.hs:19:1: Warning:
    The import of ‘Control.Monad.IO.Class’ is redundant
      except perhaps to import instances from ‘Control.Monad.IO.Class’
    To import instances alone, use: import Control.Monad.IO.Class()

Database/Persist/Sql/Util.hs:20:1: Warning:
    The import of ‘Control.Exception’ is redundant
      except perhaps to import instances from ‘Control.Exception’
    To import instances alone, use: import Control.Exception()
[22 of 23] Compiling Database.Persist.Sql.Orphan.PersistQuery ( Database/Persist/Sql/Orphan/PersistQuery.hs, dist/dist-sandbox-38dfe3f3/build/Database/Persist/Sql/Orphan/PersistQuery.o )
[23 of 23] Compiling Database.Persist.Sql ( Database/Persist/Sql.hs, dist/dist-sandbox-38dfe3f3/build/Database/Persist/Sql.o )
In-place registering persistent-2.1.1.7...
Creating package registration file:
/var/folders/8c/m6c659k54_b7whc95qh3mn_m0000gp/T/pkgConf-persistent-2.1.154496.7
Installing library in
/Users/kjameslubin/hasketh/ethereum-data-sql/.cabal-sandbox/lib/x86_64-osx-ghc-7.8.4/persistent-2.1.1.7
Registering persistent-2.1.1.7...
